<?xml version="1.0" encoding="UTF-8"?>
<testsuite name="e2e.tests.CommonContactTest" tests="2" skipped="1" failures="1" errors="0" timestamp="2023-02-26T21:32:44" hostname="MacBook-Pro-Leonid.local" time="123.139">
  <properties/>
  <testcase name="setupTest" classname="e2e.tests.CommonContactTest" time="123.124">
    <failure message="org.openqa.selenium.WebDriverException: &#10;Command duration or timeout: 90.12 seconds&#10;Build info: version: '4.8.1', revision: '8ebccac989'&#10;System info: os.name: 'Mac OS X', os.arch: 'aarch64', os.version: '13.2', java.version: '18'&#10;Driver info: org.openqa.selenium.remote.RemoteWebDriver&#10;Command: [66466094-e27f-4a33-a2bc-704fb172183b, get {url=http://phonebook.telran-edu.de:8080/}]&#10;Capabilities {acceptInsecureCerts: false, browserName: firefox, browserVersion: 90.0, moz:accessibilityChecks: false, moz:buildID: 20210705185941, moz:geckodriverVersion: 0.29.1, moz:headless: false, moz:processID: 191, moz:profile: /tmp/rust_mozprofiledaekEN, moz:shutdownTimeout: 60000, moz:useNonSpecCompliantPointerOrigin: false, moz:webdriverClick: true, pageLoadStrategy: normal, platformName: LINUX, platformVersion: 5.10.47-linuxkit, proxy: Proxy(), setWindowRect: true, strictFileInteractability: false, timeouts: {implicit: 0, pageLoad: 300000, script: 30000}, unhandledPromptBehavior: dismiss and notify}&#10;Session ID: 66466094-e27f-4a33-a2bc-704fb172183b" type="org.openqa.selenium.WebDriverException">org.openqa.selenium.WebDriverException: 
Command duration or timeout: 90.12 seconds
Build info: version: '4.8.1', revision: '8ebccac989'
System info: os.name: 'Mac OS X', os.arch: 'aarch64', os.version: '13.2', java.version: '18'
Driver info: org.openqa.selenium.remote.RemoteWebDriver
Command: [66466094-e27f-4a33-a2bc-704fb172183b, get {url=http://phonebook.telran-edu.de:8080/}]
Capabilities {acceptInsecureCerts: false, browserName: firefox, browserVersion: 90.0, moz:accessibilityChecks: false, moz:buildID: 20210705185941, moz:geckodriverVersion: 0.29.1, moz:headless: false, moz:processID: 191, moz:profile: /tmp/rust_mozprofiledaekEN, moz:shutdownTimeout: 60000, moz:useNonSpecCompliantPointerOrigin: false, moz:webdriverClick: true, pageLoadStrategy: normal, platformName: LINUX, platformVersion: 5.10.47-linuxkit, proxy: Proxy(), setWindowRect: true, strictFileInteractability: false, timeouts: {implicit: 0, pageLoad: 300000, script: 30000}, unhandledPromptBehavior: dismiss and notify}
Session ID: 66466094-e27f-4a33-a2bc-704fb172183b
	at java.base@18/jdk.internal.reflect.DirectConstructorHandleAccessor.newInstance(DirectConstructorHandleAccessor.java:67)
	at java.base@18/java.lang.reflect.Constructor.newInstanceWithCaller(Constructor.java:499)
	at java.base@18/java.lang.reflect.Constructor.newInstance(Constructor.java:483)
	at app//org.openqa.selenium.remote.ErrorHandler.createThrowable(ErrorHandler.java:217)
	at app//org.openqa.selenium.remote.ErrorHandler.throwIfResponseFailed(ErrorHandler.java:169)
	at app//org.openqa.selenium.remote.RemoteWebDriver.execute(RemoteWebDriver.java:578)
	at app//org.openqa.selenium.remote.RemoteWebDriver.get(RemoteWebDriver.java:297)
	at app//e2e.ApplicationManager.init(ApplicationManager.java:59)
	at app//e2e.TestBase.setupTest(TestBase.java:21)
	at java.base@18/jdk.internal.reflect.DirectMethodHandleAccessor.invoke(DirectMethodHandleAccessor.java:104)
	at java.base@18/java.lang.reflect.Method.invoke(Method.java:577)
	at app//org.testng.internal.MethodInvocationHelper.invokeMethod(MethodInvocationHelper.java:134)
	at app//org.testng.internal.MethodInvocationHelper.invokeMethodConsideringTimeout(MethodInvocationHelper.java:63)
	at app//org.testng.internal.ConfigInvoker.invokeConfigurationMethod(ConfigInvoker.java:348)
	at app//org.testng.internal.ConfigInvoker.invokeConfigurations(ConfigInvoker.java:302)
	at app//org.testng.internal.TestInvoker.runConfigMethods(TestInvoker.java:695)
	at app//org.testng.internal.TestInvoker.invokeMethod(TestInvoker.java:523)
	at app//org.testng.internal.TestInvoker.invokeTestMethod(TestInvoker.java:173)
	at app//org.testng.internal.MethodRunner.runInSequence(MethodRunner.java:46)
	at app//org.testng.internal.TestInvoker$MethodInvocationAgent.invoke(TestInvoker.java:816)
	at app//org.testng.internal.TestInvoker.invokeTestMethods(TestInvoker.java:146)
	at app//org.testng.internal.TestMethodWorker.invokeTestMethods(TestMethodWorker.java:146)
	at app//org.testng.internal.TestMethodWorker.run(TestMethodWorker.java:128)
	at java.base@18/java.util.ArrayList.forEach(ArrayList.java:1511)
	at app//org.testng.TestRunner.privateRun(TestRunner.java:766)
	at app//org.testng.TestRunner.run(TestRunner.java:587)
	at app//org.testng.SuiteRunner.runTest(SuiteRunner.java:384)
	at app//org.testng.SuiteRunner.runSequentially(SuiteRunner.java:378)
	at app//org.testng.SuiteRunner.privateRun(SuiteRunner.java:337)
	at app//org.testng.SuiteRunner.run(SuiteRunner.java:286)
	at app//org.testng.SuiteRunnerWorker.runSuite(SuiteRunnerWorker.java:53)
	at app//org.testng.SuiteRunnerWorker.run(SuiteRunnerWorker.java:96)
	at app//org.testng.TestNG.runSuitesSequentially(TestNG.java:1187)
	at app//org.testng.TestNG.runSuitesLocally(TestNG.java:1109)
	at app//org.testng.TestNG.runSuites(TestNG.java:1039)
	at app//org.testng.TestNG.run(TestNG.java:1007)
	at org.gradle.api.internal.tasks.testing.testng.TestNGTestClassProcessor.runTests(TestNGTestClassProcessor.java:146)
	at org.gradle.api.internal.tasks.testing.testng.TestNGTestClassProcessor.stop(TestNGTestClassProcessor.java:91)
	at org.gradle.api.internal.tasks.testing.SuiteTestClassProcessor.stop(SuiteTestClassProcessor.java:61)
	at java.base@18/jdk.internal.reflect.DirectMethodHandleAccessor.invoke(DirectMethodHandleAccessor.java:104)
	at java.base@18/java.lang.reflect.Method.invoke(Method.java:577)
	at org.gradle.internal.dispatch.ReflectionDispatch.dispatch(ReflectionDispatch.java:36)
	at org.gradle.internal.dispatch.ReflectionDispatch.dispatch(ReflectionDispatch.java:24)
	at org.gradle.internal.dispatch.ContextClassLoaderDispatch.dispatch(ContextClassLoaderDispatch.java:33)
	at org.gradle.internal.dispatch.ProxyDispatchAdapter$DispatchingInvocationHandler.invoke(ProxyDispatchAdapter.java:94)
	at jdk.proxy1/jdk.proxy1.$Proxy2.stop(Unknown Source)
	at org.gradle.api.internal.tasks.testing.worker.TestWorker$3.run(TestWorker.java:193)
	at org.gradle.api.internal.tasks.testing.worker.TestWorker.executeAndMaintainThreadName(TestWorker.java:129)
	at org.gradle.api.internal.tasks.testing.worker.TestWorker.execute(TestWorker.java:100)
	at org.gradle.api.internal.tasks.testing.worker.TestWorker.execute(TestWorker.java:60)
	at org.gradle.process.internal.worker.child.ActionExecutionWorker.execute(ActionExecutionWorker.java:56)
	at org.gradle.process.internal.worker.child.SystemApplicationClassLoaderWorker.call(SystemApplicationClassLoaderWorker.java:133)
	at org.gradle.process.internal.worker.child.SystemApplicationClassLoaderWorker.call(SystemApplicationClassLoaderWorker.java:71)
	at app//worker.org.gradle.process.internal.worker.GradleWorkerMain.run(GradleWorkerMain.java:69)
	at app//worker.org.gradle.process.internal.worker.GradleWorkerMain.main(GradleWorkerMain.java:74)
</failure>
  </testcase>
  <testcase name="userCanCreateEditRemoveContact" classname="e2e.tests.CommonContactTest" time="0.0">
    <skipped/>
  </testcase>
  <system-out><![CDATA[01:32:44.879 [Test worker] DEBUG i.n.u.i.l.InternalLoggerFactory -- Using SLF4J as the default logging framework
01:32:44.881 [Test worker] DEBUG io.netty.util.ResourceLeakDetector -- -Dio.netty.leakDetection.level: simple
01:32:44.882 [Test worker] DEBUG io.netty.util.ResourceLeakDetector -- -Dio.netty.leakDetection.targetRecords: 4
01:32:44.884 [Test worker] DEBUG i.n.util.ResourceLeakDetectorFactory -- Loaded default ResourceLeakDetector: io.netty.util.ResourceLeakDetector@271f18d3
01:32:44.893 [Test worker] DEBUG i.n.util.internal.PlatformDependent0 -- -Dio.netty.noUnsafe: false
01:32:44.893 [Test worker] DEBUG i.n.util.internal.PlatformDependent0 -- Java version: 18
01:32:44.896 [Test worker] DEBUG i.n.util.internal.PlatformDependent0 -- sun.misc.Unsafe.theUnsafe: available
01:32:44.897 [Test worker] DEBUG i.n.util.internal.PlatformDependent0 -- sun.misc.Unsafe.copyMemory: available
01:32:44.897 [Test worker] DEBUG i.n.util.internal.PlatformDependent0 -- sun.misc.Unsafe.storeFence: available
01:32:44.897 [Test worker] DEBUG i.n.util.internal.PlatformDependent0 -- java.nio.Buffer.address: available
01:32:44.897 [Test worker] DEBUG i.n.util.internal.PlatformDependent0 -- direct buffer constructor: unavailable: Reflective setAccessible(true) disabled
01:32:44.898 [Test worker] DEBUG i.n.util.internal.PlatformDependent0 -- java.nio.Bits.unaligned: available, true
01:32:44.898 [Test worker] DEBUG i.n.util.internal.PlatformDependent0 -- jdk.internal.misc.Unsafe.allocateUninitializedArray(int): unavailable: class io.netty.util.internal.PlatformDependent0$7 cannot access class jdk.internal.misc.Unsafe (in module java.base) because module java.base does not export jdk.internal.misc to unnamed module @15a34df2
01:32:44.899 [Test worker] DEBUG i.n.util.internal.PlatformDependent0 -- java.nio.DirectByteBuffer.<init>(long, int): unavailable
01:32:44.899 [Test worker] DEBUG i.n.util.internal.PlatformDependent -- sun.misc.Unsafe: available
01:32:44.904 [Test worker] DEBUG i.n.util.internal.PlatformDependent -- maxDirectMemory: 536870912 bytes (maybe)
01:32:44.905 [Test worker] DEBUG i.n.util.internal.PlatformDependent -- -Dio.netty.tmpdir: /var/folders/m6/8rpbbhz94_5gkhym7kgzn_dr0000gn/T (java.io.tmpdir)
01:32:44.905 [Test worker] DEBUG i.n.util.internal.PlatformDependent -- -Dio.netty.bitMode: 64 (sun.arch.data.model)
01:32:44.905 [Test worker] DEBUG i.n.util.internal.PlatformDependent -- Platform: MacOS
01:32:44.905 [Test worker] DEBUG i.n.util.internal.PlatformDependent -- -Dio.netty.maxDirectMemory: -1 bytes
01:32:44.905 [Test worker] DEBUG i.n.util.internal.PlatformDependent -- -Dio.netty.uninitializedArrayAllocationThreshold: -1
01:32:44.906 [Test worker] DEBUG io.netty.util.internal.CleanerJava9 -- java.nio.ByteBuffer.cleaner(): available
01:32:44.906 [Test worker] DEBUG i.n.util.internal.PlatformDependent -- -Dio.netty.noPreferDirect: false
01:32:44.909 [Test worker] DEBUG i.n.util.internal.PlatformDependent -- org.jctools-core.MpscChunkedArrayQueue: available
01:32:44.921 [Test worker] DEBUG i.n.u.i.InternalThreadLocalMap -- -Dio.netty.threadLocalMap.stringBuilder.initialSize: 1024
01:32:44.921 [Test worker] DEBUG i.n.u.i.InternalThreadLocalMap -- -Dio.netty.threadLocalMap.stringBuilder.maxSize: 4096
01:32:45.025 [Test worker] DEBUG io.netty.handler.ssl.JdkSslContext -- Default protocols (JDK): [TLSv1.3, TLSv1.2] 
01:32:45.025 [Test worker] DEBUG io.netty.handler.ssl.JdkSslContext -- Default cipher suites (JDK): [TLS_ECDHE_ECDSA_WITH_AES_256_GCM_SHA384, TLS_ECDHE_ECDSA_WITH_AES_128_GCM_SHA256, TLS_ECDHE_RSA_WITH_AES_128_GCM_SHA256, TLS_ECDHE_RSA_WITH_AES_256_GCM_SHA384, TLS_ECDHE_RSA_WITH_AES_128_CBC_SHA, TLS_ECDHE_RSA_WITH_AES_256_CBC_SHA, TLS_RSA_WITH_AES_128_GCM_SHA256, TLS_RSA_WITH_AES_128_CBC_SHA, TLS_RSA_WITH_AES_256_CBC_SHA, TLS_AES_128_GCM_SHA256, TLS_AES_256_GCM_SHA384]
01:32:45.034 [Test worker] DEBUG i.n.c.MultithreadEventLoopGroup -- -Dio.netty.eventLoopThreads: 16
01:32:45.037 [Test worker] DEBUG io.netty.channel.nio.NioEventLoop -- -Dio.netty.noKeySetOptimization: false
01:32:45.037 [Test worker] DEBUG io.netty.channel.nio.NioEventLoop -- -Dio.netty.selectorAutoRebuildThreshold: 512
01:32:45.047 [Test worker] DEBUG i.n.buffer.PooledByteBufAllocator -- -Dio.netty.allocator.numHeapArenas: 16
01:32:45.047 [Test worker] DEBUG i.n.buffer.PooledByteBufAllocator -- -Dio.netty.allocator.numDirectArenas: 16
01:32:45.047 [Test worker] DEBUG i.n.buffer.PooledByteBufAllocator -- -Dio.netty.allocator.pageSize: 8192
01:32:45.047 [Test worker] DEBUG i.n.buffer.PooledByteBufAllocator -- -Dio.netty.allocator.maxOrder: 9
01:32:45.047 [Test worker] DEBUG i.n.buffer.PooledByteBufAllocator -- -Dio.netty.allocator.chunkSize: 4194304
01:32:45.047 [Test worker] DEBUG i.n.buffer.PooledByteBufAllocator -- -Dio.netty.allocator.smallCacheSize: 256
01:32:45.047 [Test worker] DEBUG i.n.buffer.PooledByteBufAllocator -- -Dio.netty.allocator.normalCacheSize: 64
01:32:45.047 [Test worker] DEBUG i.n.buffer.PooledByteBufAllocator -- -Dio.netty.allocator.maxCachedBufferCapacity: 32768
01:32:45.047 [Test worker] DEBUG i.n.buffer.PooledByteBufAllocator -- -Dio.netty.allocator.cacheTrimInterval: 8192
01:32:45.047 [Test worker] DEBUG i.n.buffer.PooledByteBufAllocator -- -Dio.netty.allocator.cacheTrimIntervalMillis: 0
01:32:45.048 [Test worker] DEBUG i.n.buffer.PooledByteBufAllocator -- -Dio.netty.allocator.useCacheForAllThreads: false
01:32:45.048 [Test worker] DEBUG i.n.buffer.PooledByteBufAllocator -- -Dio.netty.allocator.maxCachedByteBuffersPerChunk: 1023
01:32:45.051 [Test worker] DEBUG io.netty.buffer.ByteBufUtil -- -Dio.netty.allocator.type: pooled
01:32:45.052 [Test worker] DEBUG io.netty.buffer.ByteBufUtil -- -Dio.netty.threadLocalDirectBufferSize: 0
01:32:45.052 [Test worker] DEBUG io.netty.buffer.ByteBufUtil -- -Dio.netty.maxThreadLocalCharBufferSize: 16384
01:32:45.153 [Forwarding newSession on session null to remote] DEBUG io.netty.channel.DefaultChannelId -- -Dio.netty.processId: 60053 (auto-detected)
01:32:45.154 [Forwarding newSession on session null to remote] DEBUG io.netty.util.NetUtil -- -Djava.net.preferIPv4Stack: false
01:32:45.154 [Forwarding newSession on session null to remote] DEBUG io.netty.util.NetUtil -- -Djava.net.preferIPv6Addresses: false
01:32:45.157 [Forwarding newSession on session null to remote] DEBUG i.netty.util.NetUtilInitializations -- Loopback interface: lo0 (lo0, 0:0:0:0:0:0:0:1%lo0)
01:32:45.157 [Forwarding newSession on session null to remote] DEBUG io.netty.util.NetUtil -- Failed to get SOMAXCONN from sysctl and file /proc/sys/net/core/somaxconn. Default: 128
01:32:45.158 [Forwarding newSession on session null to remote] DEBUG io.netty.channel.DefaultChannelId -- -Dio.netty.machineId: a0:78:17:ff:fe:a4:0f:cd (auto-detected)
01:32:45.179 [AsyncHttpClient-1-2] DEBUG io.netty.buffer.AbstractByteBuf -- -Dio.netty.buffer.checkAccessible: true
01:32:45.180 [AsyncHttpClient-1-2] DEBUG io.netty.buffer.AbstractByteBuf -- -Dio.netty.buffer.checkBounds: true
01:32:45.180 [AsyncHttpClient-1-2] DEBUG i.n.util.ResourceLeakDetectorFactory -- Loaded default ResourceLeakDetector: io.netty.util.ResourceLeakDetector@79c36d67
01:32:45.183 [AsyncHttpClient-1-2] DEBUG o.a.n.channel.NettyConnectListener -- Using new Channel '[id: 0x20ae2e57, L:/127.0.0.1:63496 - R:/127.0.0.1:4444]' for 'POST' to '/wd/hub/session'
01:32:45.189 [AsyncHttpClient-1-2] DEBUG io.netty.util.Recycler -- -Dio.netty.recycler.maxCapacityPerThread: 4096
01:32:45.189 [AsyncHttpClient-1-2] DEBUG io.netty.util.Recycler -- -Dio.netty.recycler.ratio: 8
01:32:45.189 [AsyncHttpClient-1-2] DEBUG io.netty.util.Recycler -- -Dio.netty.recycler.chunkSize: 32
01:32:45.189 [AsyncHttpClient-1-2] DEBUG io.netty.util.Recycler -- -Dio.netty.recycler.blocking: false
01:33:17.704 [AsyncHttpClient-1-2] DEBUG i.n.handler.codec.compression.Brotli -- brotli4j not in the classpath; Brotli support will be unavailable.
01:33:17.719 [AsyncHttpClient-1-2] DEBUG o.a.netty.handler.HttpHandler -- 

Request DefaultHttpRequest(decodeResult: success, version: HTTP/1.1)
POST /wd/hub/session HTTP/1.1
User-Agent: selenium/4.8.1 (java mac)
traceparent: 00-bcc8c45c6a62d767ef524acee6e714bc-2bfa66bfa1faee3f-01
Content-Length: 273
Content-Type: application/json; charset=utf-8
host: 127.0.0.1:4444
accept: */*

Response DefaultHttpResponse(decodeResult: success, version: HTTP/1.1)
HTTP/1.1 200 OK
Content-Type: application/json
Date: Sun, 26 Feb 2023 21:33:17 GMT
Content-Length: 695

01:33:17.733 [AsyncHttpClient-1-2] DEBUG o.a.netty.channel.ChannelManager -- Adding key: http://127.0.0.1:4444 for channel [id: 0x20ae2e57, L:/127.0.0.1:63496 - R:/127.0.0.1:4444]
01:33:17.794 [Forwarding get on session 66466094-e27f-4a33-a2bc-704fb172183b to remote] DEBUG o.a.netty.request.NettyRequestSender -- Using pooled Channel '[id: 0x20ae2e57, L:/127.0.0.1:63496 - R:/127.0.0.1:4444]' for 'POST' to 'http://127.0.0.1:4444/wd/hub/session/66466094-e27f-4a33-a2bc-704fb172183b/url'
01:33:17.795 [Forwarding get on session 66466094-e27f-4a33-a2bc-704fb172183b to remote] DEBUG o.a.netty.request.NettyRequestSender -- Using open Channel [id: 0x20ae2e57, L:/127.0.0.1:63496 - R:/127.0.0.1:4444] for POST '/wd/hub/session/66466094-e27f-4a33-a2bc-704fb172183b/url'
01:34:47.894 [AsyncHttpClient-1-2] DEBUG o.a.netty.handler.HttpHandler -- 

Request DefaultHttpRequest(decodeResult: success, version: HTTP/1.1)
POST /wd/hub/session/66466094-e27f-4a33-a2bc-704fb172183b/url HTTP/1.1
User-Agent: selenium/4.8.1 (java mac)
traceparent: 00-ae2eedfde472de84b1392a2c9c66b524-a8bef4683e7170dd-01
Content-Length: 66
Content-Type: application/json; charset=utf-8
host: 127.0.0.1:4444
accept: */*

Response DefaultHttpResponse(decodeResult: success, version: HTTP/1.1)
HTTP/1.1 502 Bad Gateway
Content-Length: 0
Content-Type: application/json
Content-Type: application/json
Date: Sun, 26 Feb 2023 21:34:47 GMT

01:34:47.900 [AsyncHttpClient-1-2] DEBUG o.a.netty.channel.ChannelManager -- Adding key: http://127.0.0.1:4444 for channel [id: 0x20ae2e57, L:/127.0.0.1:63496 - R:/127.0.0.1:4444]
]]></system-out>
  <system-err><![CDATA[Feb 27, 2023 1:32:44 AM org.openqa.selenium.remote.tracing.opentelemetry.OpenTelemetryTracer createTracer
INFO: Using OpenTelemetry for tracing
Feb 27, 2023 1:32:45 AM org.openqa.selenium.remote.RemoteWebDriver checkNonW3CCapabilities
WARNING: Support for Legacy Capabilities is deprecated; You are sending the following invalid capabilities: [enableLog, enableVNC]; Please update to W3C Syntax: https://www.selenium.dev/blog/2022/legacy-protocol-support/
Feb 27, 2023 1:33:17 AM org.openqa.selenium.remote.ProtocolHandshake createSession
WARNING: Support for Legacy Capabilities is deprecated; You are sending the following invalid capabilities: [enableLog, enableVNC]; Please update to W3C Syntax: https://www.selenium.dev/blog/2022/legacy-protocol-support/
]]></system-err>
</testsuite>
